mode: set
github.com/1ppe1/go_framework/adapter.go:17.76,19.2 1 0
github.com/1ppe1/go_framework/adapter.go:22.86,25.2 1 1
github.com/1ppe1/go_framework/context.go:13.66,18.2 1 1
github.com/1ppe1/go_framework/context.go:21.60,25.2 3 1
github.com/1ppe1/go_framework/context.go:28.56,30.2 1 1
github.com/1ppe1/go_framework/handlers.go:14.37,16.50 2 1
github.com/1ppe1/go_framework/handlers.go:16.50,18.3 1 0
github.com/1ppe1/go_framework/handlers.go:20.2,20.23 1 1
github.com/1ppe1/go_framework/handlers.go:20.23,22.3 1 1
github.com/1ppe1/go_framework/handlers.go:24.2,29.42 2 1
github.com/1ppe1/go_framework/main.go:8.13,16.60 3 0
github.com/1ppe1/go_framework/main.go:16.60,17.72 1 0
github.com/1ppe1/go_framework/main.go:17.72,20.4 2 0
github.com/1ppe1/go_framework/main.go:23.2,23.57 1 0
github.com/1ppe1/go_framework/main.go:23.57,24.72 1 0
github.com/1ppe1/go_framework/main.go:24.72,26.38 2 0
github.com/1ppe1/go_framework/main.go:26.38,28.5 1 0
github.com/1ppe1/go_framework/main.go:29.4,29.24 1 0
github.com/1ppe1/go_framework/main.go:34.2,39.69 4 0
github.com/1ppe1/go_framework/main.go:39.69,41.3 1 0
github.com/1ppe1/go_framework/middleware.go:8.72,9.45 1 1
github.com/1ppe1/go_framework/middleware.go:9.45,11.3 1 1
github.com/1ppe1/go_framework/middleware.go:12.2,12.14 1 1
github.com/1ppe1/go_framework/router.go:22.26,24.2 1 1
github.com/1ppe1/go_framework/router.go:27.64,30.31 3 1
github.com/1ppe1/go_framework/router.go:30.31,32.38 2 1
github.com/1ppe1/go_framework/router.go:32.38,33.21 1 0
github.com/1ppe1/go_framework/router.go:33.21,35.10 2 0
github.com/1ppe1/go_framework/router.go:38.3,38.19 1 1
github.com/1ppe1/go_framework/router.go:38.19,41.4 2 1
github.com/1ppe1/go_framework/router.go:42.3,42.18 1 1
github.com/1ppe1/go_framework/router.go:44.2,44.27 1 1
github.com/1ppe1/go_framework/router.go:48.70,52.31 4 1
github.com/1ppe1/go_framework/router.go:52.31,54.42 2 1
github.com/1ppe1/go_framework/router.go:54.42,55.25 1 1
github.com/1ppe1/go_framework/router.go:55.25,58.10 3 1
github.com/1ppe1/go_framework/router.go:61.3,61.13 1 1
github.com/1ppe1/go_framework/router.go:61.13,64.4 2 1
github.com/1ppe1/go_framework/router.go:66.2,66.28 1 1
github.com/1ppe1/go_framework/router.go:66.28,69.3 2 0
github.com/1ppe1/go_framework/router.go:71.2,72.45 2 1
github.com/1ppe1/go_framework/router.go:72.45,75.3 1 0
